{
  "RSpec": {
    "coverage": {
      "/home/elena/projects/myRecipesJournal/app/server.rb": [
        1,
        1,
        1,
        1,
        1,
        1,
        1,
        1,
        1,
        1,
        1,
        1,
        null,
        1,
        1,
        1,
        151
      ],
      "/home/elena/projects/myRecipesJournal/app/helpers/app.rb": [
        1,
        null,
        1,
        63,
        null,
        null,
        null
      ],
      "/home/elena/projects/myRecipesJournal/app/datamapper_setup.rb": [
        1,
        1,
        null,
        1,
        1,
        1,
        null,
        1,
        1
      ],
      "/home/elena/projects/myRecipesJournal/app/models/user.rb": [
        1,
        null,
        1,
        null,
        1,
        null,
        1,
        1,
        1,
        null,
        1,
        1,
        null,
        1,
        1,
        1,
        null,
        1,
        16,
        16,
        null,
        null,
        1,
        9,
        9,
        7,
        null,
        null,
        null,
        null,
        null,
        null
      ],
      "/home/elena/projects/myRecipesJournal/app/models/recipe.rb": [
        1,
        null,
        1,
        null,
        1,
        null,
        1,
        1,
        1,
        1,
        null,
        1,
        2,
        4,
        null,
        2,
        null,
        null,
        null,
        null,
        null,
        null,
        null
      ],
      "/home/elena/projects/myRecipesJournal/app/models/tag.rb": [
        1,
        null,
        1,
        null,
        1,
        null,
        1,
        1,
        null,
        null
      ],
      "/home/elena/projects/myRecipesJournal/app/controllers/app.rb": [
        1,
        18,
        18,
        null
      ],
      "/home/elena/projects/myRecipesJournal/app/controllers/recipes.rb": [
        1,
        3,
        null,
        null,
        1,
        2,
        2,
        null
      ],
      "/home/elena/projects/myRecipesJournal/app/controllers/session.rb": [
        1,
        9,
        9,
        null,
        null,
        1,
        9,
        9,
        9,
        9,
        7,
        7,
        null,
        2,
        2,
        null,
        null,
        null,
        1,
        1,
        1,
        null
      ],
      "/home/elena/projects/myRecipesJournal/app/controllers/tags.rb": [
        1,
        2,
        2,
        2,
        null
      ],
      "/home/elena/projects/myRecipesJournal/app/controllers/users.rb": [
        1,
        6,
        6,
        6,
        null,
        null,
        1,
        6,
        null,
        null,
        6,
        3,
        3,
        null,
        3,
        3,
        null,
        null
      ]
    },
    "timestamp": 1421082504
  }
}
