{
  "RSpec": {
    "coverage": {
      "/Users/user/Projects/myRecipesJournal/app/server.rb": [
        1,
        1,
        1,
        1,
        1,
        1,
        1,
        1,
        1,
        1,
        1,
        1,
        null,
        1,
        1,
        1,
        133
      ],
      "/Users/user/Projects/myRecipesJournal/app/helpers/app.rb": [
        1,
        null,
        1,
        54,
        null,
        null,
        null
      ],
      "/Users/user/Projects/myRecipesJournal/app/datamapper_setup.rb": [
        1,
        1,
        null,
        1,
        1,
        1,
        null,
        1,
        1
      ],
      "/Users/user/Projects/myRecipesJournal/app/models/user.rb": [
        1,
        null,
        1,
        null,
        1,
        null,
        1,
        1,
        1,
        null,
        1,
        1,
        null,
        1,
        null,
        1,
        13,
        13,
        null,
        null,
        1,
        8,
        8,
        7,
        null,
        null,
        null,
        null,
        null,
        null
      ],
      "/Users/user/Projects/myRecipesJournal/app/models/recipe.rb": [
        1,
        null,
        1,
        null,
        1,
        null,
        1,
        1,
        1,
        1,
        null,
        null
      ],
      "/Users/user/Projects/myRecipesJournal/app/models/tag.rb": [
        1,
        null,
        1,
        null,
        1,
        null,
        1,
        1,
        null,
        null
      ],
      "/Users/user/Projects/myRecipesJournal/app/controllers/app.rb": [
        1,
        17,
        17,
        null
      ],
      "/Users/user/Projects/myRecipesJournal/app/controllers/recipes.rb": [
        1,
        3,
        null,
        null,
        1,
        2,
        2,
        2,
        2,
        4,
        null,
        null,
        2,
        null,
        null,
        null,
        null,
        2,
        null
      ],
      "/Users/user/Projects/myRecipesJournal/app/controllers/session.rb": [
        1,
        8,
        8,
        null,
        null,
        1,
        8,
        8,
        8,
        8,
        7,
        7,
        null,
        1,
        1,
        null,
        null,
        null,
        1,
        1,
        1,
        null
      ],
      "/Users/user/Projects/myRecipesJournal/app/controllers/tags.rb": [
        1,
        2,
        2,
        2,
        null
      ],
      "/Users/user/Projects/myRecipesJournal/app/controllers/users.rb": [
        1,
        4,
        4,
        4,
        null,
        null,
        1,
        4,
        null,
        null,
        4,
        2,
        2,
        null,
        2,
        2,
        null,
        null
      ]
    },
    "timestamp": 1421011070
  }
}
